c:\users\ceren\downloads\assignment5_update\build\x64_release\assignment\filter.obj
c:\users\ceren\downloads\assignment5_update\build\x64_release\assignment\material.obj
c:\users\ceren\downloads\assignment5_update\build\x64_release\assignment\raytracer.obj
c:\users\ceren\downloads\assignment5_update\build\x64_release\assignment\app.obj
c:\users\ceren\downloads\assignment5_update\build\x64_release\assignment\preview_render.obj
c:\users\ceren\downloads\assignment5_update\build\x64_release\assignment\film.obj
c:\users\ceren\downloads\assignment5_update\build\x64_release\assignment\main.obj
c:\users\ceren\downloads\assignment5_update\build\x64_release\assignment\sceneparser.obj
c:\users\ceren\downloads\assignment5_update\build\x64_release\assignment\args.obj
c:\users\ceren\downloads\assignment5_update\build\x64_release\assignment\lights.obj
c:\users\ceren\downloads\assignment5_update\build\x64_release\assignment\objects.obj
c:\users\ceren\downloads\assignment5_update\build\x64_release\assignment\sampler.obj
c:\users\ceren\downloads\assignment5_update\build\x64_release\assignment\vc120.pdb
c:\users\ceren\downloads\assignment5_update\bin\assignment_x64_release.exe
c:\users\ceren\downloads\assignment5_update\bin\assignment_x64_release.pdb
c:\users\ceren\downloads\assignment5_update\build\x64_release\assignment\assignment.tlog\cl.command.1.tlog
c:\users\ceren\downloads\assignment5_update\build\x64_release\assignment\assignment.tlog\cl.read.1.tlog
c:\users\ceren\downloads\assignment5_update\build\x64_release\assignment\assignment.tlog\cl.write.1.tlog
c:\users\ceren\downloads\assignment5_update\build\x64_release\assignment\assignment.tlog\link.command.1.tlog
c:\users\ceren\downloads\assignment5_update\build\x64_release\assignment\assignment.tlog\link.read.1.tlog
c:\users\ceren\downloads\assignment5_update\build\x64_release\assignment\assignment.tlog\link.write.1.tlog
